2024-08-18 17:34:32,890 - INFO - Debug mode is enabled.
2024-08-18 17:34:32,890 - INFO - Attempting to connect to the database...
2024-08-18 17:34:33,250 - ERROR - error while connecting database:1045 (28000): Access denied for user 'root'@'localhost' (using password: YES)
2024-08-18 17:36:15,909 - INFO - Debug mode is enabled.
2024-08-18 17:36:15,909 - INFO - Attempting to connect to the database...
2024-08-18 17:36:15,987 - ERROR - error while connecting database:1045 (28000): Access denied for user 'root'@'localhost' (using password: YES)
2024-08-18 17:38:26,972 - INFO - Debug mode is enabled.
2024-08-18 17:38:26,988 - INFO - Attempting to connect to the database...
2024-08-18 17:38:27,097 - ERROR - error while connecting database:1045 (28000): Access denied for user 'root'@'localhost' (using password: YES)
2024-08-18 17:38:54,522 - INFO - Debug mode is enabled.
2024-08-18 17:38:54,522 - INFO - Attempting to connect to the database...
2024-08-18 17:38:54,631 - INFO - Connected to MySQL database... MySQL Server version on 8.0.38
2024-08-18 17:38:54,647 - INFO - You're connected to database: ('emp_db',)
2024-08-18 17:38:54,647 - INFO - Mysql connection is closed
2024-08-18 18:20:57,327 - INFO - Attempting to connect to the database...
2024-08-18 18:21:38,952 - INFO - Attempting to connect to the database...
2024-08-18 18:23:48,859 - INFO - Attempting to connect to the database...
2024-08-18 18:24:15,883 - INFO - Attempting to connect to the database...
2024-08-18 18:26:15,674 - INFO - Attempting to connect to the database...
2024-08-18 18:28:06,357 - INFO - Attempting to connect to the database...
2024-08-18 18:28:06,725 - ERROR - error while connecting database:2017 (HY000): Can't open named pipe to host: .  pipe: MySQL (2)
2024-08-18 18:29:49,729 - INFO - Attempting to connect to the database...
2024-08-18 18:30:31,834 - INFO - Attempting to connect to the database...
2024-08-18 18:30:31,850 - ERROR - error while connecting database:2017 (HY000): Can't open named pipe to host: .  pipe: MySQL (2)
2024-08-18 18:30:52,927 - INFO - Attempting to connect to the database...
2024-08-18 18:30:52,942 - ERROR - error while connecting database:2017 (HY000): Can't open named pipe to host: .  pipe: MySQL (2)
2024-08-18 18:32:12,453 - INFO - Attempting to connect to the database...
2024-08-18 18:32:12,484 - ERROR - error while connecting database:2017 (HY000): Can't open named pipe to host: .  pipe: MySQL (2)
2024-08-18 18:32:47,601 - INFO - Attempting to connect to the database...
2024-08-18 18:32:47,632 - ERROR - error while connecting database:2017 (HY000): Can't open named pipe to host: .  pipe: MySQL (2)
2024-08-18 18:33:14,953 - INFO - Attempting to connect to the database...
2024-08-18 18:33:14,969 - ERROR - error while connecting database:2017 (HY000): Can't open named pipe to host: .  pipe: MySQL (2)
2024-08-18 18:35:50,035 - INFO - Attempting to connect to the database...
2024-08-18 18:36:08,890 - INFO - Attempting to connect to the database...
2024-08-18 18:40:06,723 - INFO - Debug mode is enabled.
2024-08-18 18:40:06,723 - INFO - Attempting to connect to the database...
2024-08-18 18:40:07,382 - INFO - Connected to MySQL database... MySQL Server version on 8.0.38
2024-08-18 18:40:07,382 - INFO - You're connected to database: ('emp_db',)
2024-08-18 18:40:07,382 - INFO - Mysql connection is closed
